<?xml version="1.0" encoding="UTF-8"?>
<!-- Generated by org.testng.reporters.JUnitReportReporter -->
<testsuite hostname="AMIT" failures="0" tests="5" name="TestAmazon.AmazonTesting" time="82.637" errors="0" timestamp="2022-10-07T02:09:00 IST" skipped="0">
  <testcase classname="TestAmazon.AmazonTesting" name="testgiftcards" time="19.856"/>
  <system-out/>
  <testcase classname="TestAmazon.AmazonTesting" name="testbaby" time="18.623"/>
  <system-out/>
  <testcase classname="TestAmazon.AmazonTesting" name="testbrowsinghistory" time="14.104"/>
  <system-out/>
  <testcase classname="TestAmazon.AmazonTesting" name="testbuyagain" time="10.301"/>
  <system-out/>
  <testcase classname="TestAmazon.AmazonTesting" name="testpetsupplies" time="19.753"/>
  <system-out/>
</testsuite> <!-- TestAmazon.AmazonTesting -->
